<?xml version="1.0" encoding="UTF-8"?>
<testsuite xmlns:xsi="http://www.w3.org/2001/XMLSchema-instance" xsi:noNamespaceSchemaLocation="https://maven.apache.org/surefire/maven-surefire-plugin/xsd/surefire-test-report.xsd" version="3.0.2" name="com.erp.estetica.EsteticaAutomotivaApplicationTests" time="6.841" tests="1" errors="0" skipped="0" failures="0">
  <properties>
[...]
</properties>
  <testcase name="contextLoads" classname="com.erp.estetica.EsteticaAutomotivaApplicationTests" time="0.628">
    <system-out><![CDATA[11:37:25.359 [main] INFO org.springframework.test.context.support.AnnotationConfigContextLoaderUtils -- Could not detect default configuration classes for test class [com.erp.estetica.EsteticaAutomotivaApplicationTests]: EsteticaAutomotivaApplicationTests does not declare any static, non-private, non-final, nested classes annotated with @Configuration.
11:37:25.515 [main] INFO org.springframework.boot.test.context.SpringBootTestContextBootstrapper -- Found @SpringBootConfiguration com.erp.estetica.EsteticaAutomotivaApplication for test class com.erp.estetica.EsteticaAutomotivaApplicationTests
11:37:25.760 [main] INFO org.springframework.boot.devtools.restart.RestartApplicationListener -- Restart disabled due to context in which it is running

  .   ____          _            __ _ _
 /\\ / ___'_ __ _ _(_)_ __  __ _ \ \ \ \
( ( )\___ | '_ | '_| | '_ \/ _` | \ \ \ \
 \\/  ___)| |_)| | | | | || (_| |  ) ) ) )
  '  |____| .__|_| |_|_| |_\__, | / / / /
 =========|_|==============|___/=/_/_/_/

 :: Spring Boot ::       (v3.4.4-SNAPSHOT)

2025-03-08T11:37:26.130-03:00  INFO 4320 --- [EsteticaAutomotiva] [           main] c.e.e.EsteticaAutomotivaApplicationTests : Starting EsteticaAutomotivaApplicationTests using Java 21.0.5 with PID 4320 (started by lucas in C:\Users\lucas\Desktop\EsteticaProjetoFinal\estetica)
2025-03-08T11:37:26.130-03:00  INFO 4320 --- [EsteticaAutomotiva] [           main] c.e.e.EsteticaAutomotivaApplicationTests : No active profile set, falling back to 1 default profile: "default"
2025-03-08T11:37:27.041-03:00  INFO 4320 --- [EsteticaAutomotiva] [           main] .s.d.r.c.RepositoryConfigurationDelegate : Bootstrapping Spring Data JPA repositories in DEFAULT mode.
2025-03-08T11:37:27.170-03:00  INFO 4320 --- [EsteticaAutomotiva] [           main] .s.d.r.c.RepositoryConfigurationDelegate : Finished Spring Data repository scanning in 111 ms. Found 6 JPA repository interfaces.
2025-03-08T11:37:27.766-03:00  INFO 4320 --- [EsteticaAutomotiva] [           main] o.hibernate.jpa.internal.util.LogHelper  : HHH000204: Processing PersistenceUnitInfo [name: default]
2025-03-08T11:37:27.844-03:00  INFO 4320 --- [EsteticaAutomotiva] [           main] org.hibernate.Version                    : HHH000412: Hibernate ORM core version 6.6.9.Final
2025-03-08T11:37:27.906-03:00  INFO 4320 --- [EsteticaAutomotiva] [           main] o.h.c.internal.RegionFactoryInitiator    : HHH000026: Second-level cache disabled
2025-03-08T11:37:28.363-03:00  INFO 4320 --- [EsteticaAutomotiva] [           main] o.s.o.j.p.SpringPersistenceUnitInfo      : No LoadTimeWeaver setup: ignoring JPA class transformer
2025-03-08T11:37:28.424-03:00  INFO 4320 --- [EsteticaAutomotiva] [           main] com.zaxxer.hikari.HikariDataSource       : HikariPool-1 - Starting...
2025-03-08T11:37:28.835-03:00  INFO 4320 --- [EsteticaAutomotiva] [           main] com.zaxxer.hikari.pool.HikariPool        : HikariPool-1 - Added connection com.mysql.cj.jdbc.ConnectionImpl@36238b12
2025-03-08T11:37:28.835-03:00  INFO 4320 --- [EsteticaAutomotiva] [           main] com.zaxxer.hikari.HikariDataSource       : HikariPool-1 - Start completed.
2025-03-08T11:37:28.944-03:00  INFO 4320 --- [EsteticaAutomotiva] [           main] org.hibernate.orm.connections.pooling    : HHH10001005: Database info:
	Database JDBC URL [Connecting through datasource 'HikariDataSource (HikariPool-1)']
	Database driver: undefined/unknown
	Database version: 8.0.37
	Autocommit mode: undefined/unknown
	Isolation level: undefined/unknown
	Minimum pool size: undefined/unknown
	Maximum pool size: undefined/unknown
2025-03-08T11:37:30.186-03:00  INFO 4320 --- [EsteticaAutomotiva] [           main] o.h.e.t.j.p.i.JtaPlatformInitiator       : HHH000489: No JTA platform available (set 'hibernate.transaction.jta.platform' to enable JTA platform integration)
2025-03-08T11:37:30.186-03:00  INFO 4320 --- [EsteticaAutomotiva] [           main] j.LocalContainerEntityManagerFactoryBean : Initialized JPA EntityManagerFactory for persistence unit 'default'
2025-03-08T11:37:30.771-03:00  WARN 4320 --- [EsteticaAutomotiva] [           main] JpaBaseConfiguration$JpaWebConfiguration : spring.jpa.open-in-view is enabled by default. Therefore, database queries may be performed during view rendering. Explicitly configure spring.jpa.open-in-view to disable this warning
2025-03-08T11:37:30.802-03:00  INFO 4320 --- [EsteticaAutomotiva] [           main] o.s.b.a.w.s.WelcomePageHandlerMapping    : Adding welcome page template: index
2025-03-08T11:37:31.306-03:00  INFO 4320 --- [EsteticaAutomotiva] [           main] c.e.e.EsteticaAutomotivaApplicationTests : Started EsteticaAutomotivaApplicationTests in 5.561 seconds (process running for 6.846)
]]></system-out>
    <system-err><![CDATA[Mockito is currently self-attaching to enable the inline-mock-maker. This will no longer work in future releases of the JDK. Please add Mockito as an agent to your build what is described in Mockito's documentation: https://javadoc.io/doc/org.mockito/mockito-core/latest/org/mockito/Mockito.html#0.3
WARNING: A Java agent has been loaded dynamically (C:\Users\lucas\.m2\repository\net\bytebuddy\byte-buddy-agent\1.15.11\byte-buddy-agent-1.15.11.jar)
WARNING: If a serviceability tool is in use, please run with -XX:+EnableDynamicAgentLoading to hide this warning
WARNING: If a serviceability tool is not in use, please run with -Djdk.instrument.traceUsage for more information
WARNING: Dynamic loading of agents will be disallowed by default in a future release
]]></system-err>
  </testcase>
</testsuite>